

Microchip Technology PIC LITE Macro Assembler V1.33 build 59893 
                                                                                               Tue Feb 10 22:05:24 2015

Microchip Technology Omniscient Code Generator (Lite mode) build 59893
     1                           	processor	16F887
     2                           	opt	pw 120
     3                           	opt	lm
     4                           	psect	text0,local,class=CODE,merge=1,delta=2
     5                           	psect	cinit,global,class=CODE,merge=1,delta=2
     6                           	psect	bssBANK0,global,class=BANK0,space=1,delta=1
     7                           	psect	cstackCOMMON,global,class=COMMON,space=1,delta=1
     8                           	psect	cstackBANK0,global,class=BANK0,space=1,delta=1
     9                           	psect	maintext,global,class=CODE,split=1,delta=2
    10                           	psect	text1,local,class=CODE,merge=1,delta=2
    11                           	psect	text2,local,class=CODE,merge=1,delta=2
    12                           	psect	text3,local,class=CODE,merge=1,delta=2
    13                           	psect	text4,local,class=CODE,merge=1,delta=2
    14                           	psect	intentry,global,class=CODE,delta=2
    15                           	dabs	1,0x7E,2
    16  0000                     	;# 
    17  0001                     	;# 
    18  0002                     	;# 
    19  0003                     	;# 
    20  0004                     	;# 
    21  0005                     	;# 
    22  0006                     	;# 
    23  0007                     	;# 
    24  0008                     	;# 
    25  0009                     	;# 
    26  000A                     	;# 
    27  000B                     	;# 
    28  000C                     	;# 
    29  000D                     	;# 
    30  000E                     	;# 
    31  000E                     	;# 
    32  000F                     	;# 
    33  0010                     	;# 
    34  0011                     	;# 
    35  0012                     	;# 
    36  0013                     	;# 
    37  0014                     	;# 
    38  0015                     	;# 
    39  0015                     	;# 
    40  0016                     	;# 
    41  0017                     	;# 
    42  0018                     	;# 
    43  0019                     	;# 
    44  001A                     	;# 
    45  001B                     	;# 
    46  001B                     	;# 
    47  001C                     	;# 
    48  001D                     	;# 
    49  001E                     	;# 
    50  001F                     	;# 
    51  0081                     	;# 
    52  0085                     	;# 
    53  0086                     	;# 
    54  0087                     	;# 
    55  0088                     	;# 
    56  0089                     	;# 
    57  008C                     	;# 
    58  008D                     	;# 
    59  008E                     	;# 
    60  008F                     	;# 
    61  0090                     	;# 
    62  0091                     	;# 
    63  0092                     	;# 
    64  0093                     	;# 
    65  0093                     	;# 
    66  0093                     	;# 
    67  0094                     	;# 
    68  0095                     	;# 
    69  0096                     	;# 
    70  0097                     	;# 
    71  0098                     	;# 
    72  0099                     	;# 
    73  009A                     	;# 
    74  009B                     	;# 
    75  009C                     	;# 
    76  009D                     	;# 
    77  009E                     	;# 
    78  009F                     	;# 
    79  0105                     	;# 
    80  0107                     	;# 
    81  0108                     	;# 
    82  0109                     	;# 
    83  010C                     	;# 
    84  010C                     	;# 
    85  010D                     	;# 
    86  010E                     	;# 
    87  010F                     	;# 
    88  0185                     	;# 
    89  0187                     	;# 
    90  0188                     	;# 
    91  0189                     	;# 
    92  018C                     	;# 
    93  018D                     	;# 
    94  000B                     _INTCONbits	set	11
    95  0008                     _PORTD	set	8
    96  0081                     _OPTION_REGbits	set	129
    97  0085                     _TRISA	set	133
    98  0086                     _TRISB	set	134
    99  0087                     _TRISC	set	135
   100  0087                     _TRISCbits	set	135
   101  0088                     _TRISD	set	136
   102  0188                     _ANSEL	set	392
   103  0189                     _ANSELH	set	393
   104                           
   105                           	psect	text0
   106  0000                     __ptext0:	
   107                           ; #config settings
   108                           
   109                           
   110                           ;psect for function _isr
   111  0000                     
   112                           	psect	cinit
   113  0015                     start_initialization:	
   114  0015                     __initialization:	
   115                           
   116                           ; Clear objects allocated to BANK0
   117  0015  01C5               	clrf	__pbssBANK0& (0+127)
   118  0016  01C6               	clrf	(__pbssBANK0+1)& (0+127)
   119  0017                     end_of_initialization:	
   120                           ;End of C runtime variable initialization code
   121                           
   122  0017                     __end_of__initialization:	
   123  0017  0183               	clrf	3
   124  0018  120A  118A  281B   	ljmp	_main	;jump to C main() function
   125                           
   126                           	psect	bssBANK0
   127  0045                     __pbssBANK0:	
   128  0045                     _flag:	
   129  0045                     	ds	2
   130                           
   131                           	psect	cstackCOMMON
   132  0070                     __pcstackCOMMON:	
   133  0070                     ?_isr:	
   134  0070                     ??_isr:	
   135                           ; 0 bytes @ 0x0
   136                           
   137  0070                     ?_main:	
   138                           ; 0 bytes @ 0x0
   139                           
   140                           
   141                           ; 2 bytes @ 0x0
   142  0070                     	ds	4
   143  0074                     ?___ftge:	
   144  0074                     ?___ftpack:	
   145                           ; 1 bit 
   146                           
   147  0074                     ___ftpack@arg:	
   148                           ; 3 bytes @ 0x4
   149                           
   150  0074                     ___ftge@ff1:	
   151                           ; 3 bytes @ 0x4
   152                           
   153                           
   154                           ; 3 bytes @ 0x4
   155  0074                     	ds	3
   156  0077                     ___ftpack@exp:	
   157  0077                     ___ftge@ff2:	
   158                           ; 1 bytes @ 0x7
   159                           
   160                           
   161                           ; 3 bytes @ 0x7
   162  0077                     	ds	1
   163  0078                     ___ftpack@sign:	
   164                           
   165                           ; 1 bytes @ 0x8
   166  0078                     	ds	2
   167  007A                     ??_main:	
   168                           
   169                           	psect	cstackBANK0
   170  0020                     __pcstackBANK0:	
   171                           ; 0 bytes @ 0xA
   172                           
   173  0020                     ??___ftpack:	
   174  0020                     ??___ftge:	
   175                           ; 0 bytes @ 0x0
   176                           
   177                           
   178                           ; 0 bytes @ 0x0
   179  0020                     	ds	3
   180  0023                     ?___ftadd:	
   181  0023                     ___ftadd@f1:	
   182                           ; 3 bytes @ 0x3
   183                           
   184                           
   185                           ; 3 bytes @ 0x3
   186  0023                     	ds	3
   187  0026                     ___ftadd@f2:	
   188                           
   189                           ; 3 bytes @ 0x6
   190  0026                     	ds	3
   191  0029                     ??___ftadd:	
   192                           
   193                           ; 0 bytes @ 0x9
   194  0029                     	ds	4
   195  002D                     ___ftadd@sign:	
   196                           
   197                           ; 1 bytes @ 0xD
   198  002D                     	ds	1
   199  002E                     ___ftadd@exp2:	
   200                           
   201                           ; 1 bytes @ 0xE
   202  002E                     	ds	1
   203  002F                     ___ftadd@exp1:	
   204                           
   205                           ; 1 bytes @ 0xF
   206  002F                     	ds	1
   207  0030                     main@j:	
   208                           
   209                           ; 3 bytes @ 0x10
   210  0030                     	ds	3
   211  0033                     main@j_132:	
   212                           
   213                           ; 3 bytes @ 0x13
   214  0033                     	ds	3
   215  0036                     main@j_133:	
   216                           
   217                           ; 3 bytes @ 0x16
   218  0036                     	ds	3
   219  0039                     main@j_134:	
   220                           
   221                           ; 3 bytes @ 0x19
   222  0039                     	ds	3
   223  003C                     main@j_135:	
   224                           
   225                           ; 3 bytes @ 0x1C
   226  003C                     	ds	3
   227  003F                     main@j_136:	
   228                           
   229                           ; 3 bytes @ 0x1F
   230  003F                     	ds	3
   231  0042                     main@j_137:	
   232                           
   233                           ; 3 bytes @ 0x22
   234  0042                     	ds	3
   235                           
   236                           	psect	maintext
   237  001B                     __pmaintext:	
   238 ;;
   239 ;;Main: autosize = 0, tempsize = 0, incstack = 0, save=0
   240 ;;
   241 ;; *************** function _main *****************
   242 ;; Defined at:
   243 ;;		line 26 in file "main.c"
   244 ;; Parameters:    Size  Location     Type
   245 ;;		None
   246 ;; Auto vars:     Size  Location     Type
   247 ;;  j               3   34[BANK0 ] float 
   248 ;;  j               3   31[BANK0 ] float 
   249 ;;  j               3   28[BANK0 ] float 
   250 ;;  j               3   25[BANK0 ] float 
   251 ;;  j               3   22[BANK0 ] float 
   252 ;;  j               3   19[BANK0 ] float 
   253 ;;  j               3   16[BANK0 ] float 
   254 ;; Return value:  Size  Location     Type
   255 ;;                  2   27[COMMON] int 
   256 ;; Registers used:
   257 ;;		wreg, status,2, status,0, pclath, cstack
   258 ;; Tracked objects:
   259 ;;		On entry : 17F/0
   260 ;;		On exit  : 0/0
   261 ;;		Unchanged: 0/0
   262 ;; Data sizes:     COMMON   BANK0   BANK1   BANK3   BANK2
   263 ;;      Params:         0       0       0       0       0
   264 ;;      Locals:         0      21       0       0       0
   265 ;;      Temps:          0       0       0       0       0
   266 ;;      Totals:         0      21       0       0       0
   267 ;;Total ram usage:       21 bytes
   268 ;; Hardware stack levels required when called:    3
   269 ;; This function calls:
   270 ;;		___ftadd
   271 ;;		___ftge
   272 ;; This function is called by:
   273 ;;		Startup code after reset
   274 ;; This function uses a non-reentrant model
   275 ;;
   276                           
   277                           
   278                           ;psect for function _main
   279  001B                     _main:	
   280                           
   281                           ;main.c: 28: TRISA = 0xFF;
   282                           
   283                           ;incstack = 0
   284                           ; Regs used in _main: [wreg+status,2+status,0+pclath+cstack]
   285  001B  30FF               	movlw	255
   286  001C  1683               	bsf	3,5	;RP0=1, select bank1
   287  001D  1303               	bcf	3,6	;RP1=0, select bank1
   288  001E  0085               	movwf	5	;volatile
   289                           
   290                           ;main.c: 29: TRISB = 0xFF;
   291  001F  30FF               	movlw	255
   292  0020  0086               	movwf	6	;volatile
   293                           
   294                           ;main.c: 30: TRISC = 0xFF;
   295  0021  30FF               	movlw	255
   296  0022  0087               	movwf	7	;volatile
   297                           
   298                           ;main.c: 31: TRISD = 0x00;
   299  0023  0188               	clrf	8	;volatile
   300                           
   301                           ;main.c: 32: ANSEL = 0x00;
   302  0024  1683               	bsf	3,5	;RP0=1, select bank3
   303  0025  1703               	bsf	3,6	;RP1=1, select bank3
   304  0026  0188               	clrf	8	;volatile
   305                           
   306                           ;main.c: 33: ANSELH = 0x00;
   307  0027  0189               	clrf	9	;volatile
   308                           
   309                           ;main.c: 34: TRISCbits.TRISC7 = 0;
   310  0028  1683               	bsf	3,5	;RP0=1, select bank1
   311  0029  1303               	bcf	3,6	;RP1=0, select bank1
   312  002A  1387               	bcf	7,7	;volatile
   313                           
   314                           ;main.c: 35: PORTD =0x00;
   315  002B  1283               	bcf	3,5	;RP0=0, select bank0
   316  002C  1303               	bcf	3,6	;RP1=0, select bank0
   317  002D  0188               	clrf	8	;volatile
   318                           
   319                           ;main.c: 37: INTCONbits.INTF = 0;
   320  002E  108B               	bcf	11,1	;volatile
   321                           
   322                           ;main.c: 38: OPTION_REGbits.INTEDG = 1;
   323  002F  1683               	bsf	3,5	;RP0=1, select bank1
   324  0030  1303               	bcf	3,6	;RP1=0, select bank1
   325  0031  1701               	bsf	1,6	;volatile
   326                           
   327                           ;main.c: 39: INTCONbits.INTE = 1;
   328  0032  160B               	bsf	11,4	;volatile
   329                           
   330                           ;main.c: 40: INTCONbits.GIE = 1;
   331  0033  178B               	bsf	11,7	;volatile
   332  0034                     l28:	
   333                           ;main.c: 42: while(1)
   334                           
   335                           
   336                           ;main.c: 43: {
   337                           ;main.c: 44: if(flag){
   338  0034  1283               	bcf	3,5	;RP0=0, select bank0
   339  0035  0846               	movf	_flag+1,w
   340  0036  0445               	iorwf	_flag,w
   341  0037  1903               	skipnz
   342  0038  2834               	goto	l28
   343                           
   344                           ;main.c: 45: PORTD = 0x01;
   345  0039  3001               	movlw	1
   346  003A  0088               	movwf	8	;volatile
   347                           
   348                           ;main.c: 46: for(float j =0;j<1000;j++);
   349  003B  3000               	movlw	0
   350  003C  00B0               	movwf	main@j
   351  003D  3000               	movlw	0
   352  003E  00B1               	movwf	main@j+1
   353  003F  3000               	movlw	0
   354  0040  00B2               	movwf	main@j+2
   355  0041  0830               	movf	main@j,w
   356  0042  00F4               	movwf	___ftge@ff1
   357  0043  0831               	movf	main@j+1,w
   358  0044  00F5               	movwf	___ftge@ff1+1
   359  0045  0832               	movf	main@j+2,w
   360  0046  00F6               	movwf	___ftge@ff1+2
   361  0047  3000               	movlw	0
   362  0048  00F7               	movwf	___ftge@ff2
   363  0049  307A               	movlw	122
   364  004A  00F8               	movwf	___ftge@ff2+1
   365  004B  3044               	movlw	68
   366  004C  00F9               	movwf	___ftge@ff2+2
   367  004D  120A  118A  23C1  120A  118A  	fcall	___ftge
   368  0052  1803               	btfsc	3,0
   369  0053  2882               	goto	l877
   370  0054                     l875:	
   371  0054  3000               	movlw	0
   372  0055  1283               	bcf	3,5	;RP0=0, select bank0
   373  0056  1303               	bcf	3,6	;RP1=0, select bank0
   374  0057  00A3               	movwf	___ftadd@f1
   375  0058  3080               	movlw	128
   376  0059  00A4               	movwf	___ftadd@f1+1
   377  005A  303F               	movlw	63
   378  005B  00A5               	movwf	___ftadd@f1+2
   379  005C  0830               	movf	main@j,w
   380  005D  00A6               	movwf	___ftadd@f2
   381  005E  0831               	movf	main@j+1,w
   382  005F  00A7               	movwf	___ftadd@f2+1
   383  0060  0832               	movf	main@j+2,w
   384  0061  00A8               	movwf	___ftadd@f2+2
   385  0062  120A  118A  224A  120A  118A  	fcall	___ftadd
   386  0067  1283               	bcf	3,5	;RP0=0, select bank0
   387  0068  1303               	bcf	3,6	;RP1=0, select bank0
   388  0069  0823               	movf	?___ftadd,w
   389  006A  00B0               	movwf	main@j
   390  006B  0824               	movf	?___ftadd+1,w
   391  006C  00B1               	movwf	main@j+1
   392  006D  0825               	movf	?___ftadd+2,w
   393  006E  00B2               	movwf	main@j+2
   394  006F  0830               	movf	main@j,w
   395  0070  00F4               	movwf	___ftge@ff1
   396  0071  0831               	movf	main@j+1,w
   397  0072  00F5               	movwf	___ftge@ff1+1
   398  0073  0832               	movf	main@j+2,w
   399  0074  00F6               	movwf	___ftge@ff1+2
   400  0075  3000               	movlw	0
   401  0076  00F7               	movwf	___ftge@ff2
   402  0077  307A               	movlw	122
   403  0078  00F8               	movwf	___ftge@ff2+1
   404  0079  3044               	movlw	68
   405  007A  00F9               	movwf	___ftge@ff2+2
   406  007B  120A  118A  23C1  120A  118A  	fcall	___ftge
   407  0080  1C03               	btfss	3,0
   408  0081  2854               	goto	l875
   409  0082                     l877:	
   410                           
   411                           ;main.c: 47: PORTD = 0x02;
   412  0082  3002               	movlw	2
   413  0083  1283               	bcf	3,5	;RP0=0, select bank0
   414  0084  1303               	bcf	3,6	;RP1=0, select bank0
   415  0085  0088               	movwf	8	;volatile
   416                           
   417                           ;main.c: 48: for(float j =0;j<1000;j++);
   418  0086  3000               	movlw	0
   419  0087  00B3               	movwf	main@j_132
   420  0088  3000               	movlw	0
   421  0089  00B4               	movwf	main@j_132+1
   422  008A  3000               	movlw	0
   423  008B  00B5               	movwf	main@j_132+2
   424  008C  0833               	movf	main@j_132,w
   425  008D  00F4               	movwf	___ftge@ff1
   426  008E  0834               	movf	main@j_132+1,w
   427  008F  00F5               	movwf	___ftge@ff1+1
   428  0090  0835               	movf	main@j_132+2,w
   429  0091  00F6               	movwf	___ftge@ff1+2
   430  0092  3000               	movlw	0
   431  0093  00F7               	movwf	___ftge@ff2
   432  0094  307A               	movlw	122
   433  0095  00F8               	movwf	___ftge@ff2+1
   434  0096  3044               	movlw	68
   435  0097  00F9               	movwf	___ftge@ff2+2
   436  0098  120A  118A  23C1  120A  118A  	fcall	___ftge
   437  009D  1803               	btfsc	3,0
   438  009E  28CD               	goto	l885
   439  009F                     l883:	
   440  009F  3000               	movlw	0
   441  00A0  1283               	bcf	3,5	;RP0=0, select bank0
   442  00A1  1303               	bcf	3,6	;RP1=0, select bank0
   443  00A2  00A3               	movwf	___ftadd@f1
   444  00A3  3080               	movlw	128
   445  00A4  00A4               	movwf	___ftadd@f1+1
   446  00A5  303F               	movlw	63
   447  00A6  00A5               	movwf	___ftadd@f1+2
   448  00A7  0833               	movf	main@j_132,w
   449  00A8  00A6               	movwf	___ftadd@f2
   450  00A9  0834               	movf	main@j_132+1,w
   451  00AA  00A7               	movwf	___ftadd@f2+1
   452  00AB  0835               	movf	main@j_132+2,w
   453  00AC  00A8               	movwf	___ftadd@f2+2
   454  00AD  120A  118A  224A  120A  118A  	fcall	___ftadd
   455  00B2  1283               	bcf	3,5	;RP0=0, select bank0
   456  00B3  1303               	bcf	3,6	;RP1=0, select bank0
   457  00B4  0823               	movf	?___ftadd,w
   458  00B5  00B3               	movwf	main@j_132
   459  00B6  0824               	movf	?___ftadd+1,w
   460  00B7  00B4               	movwf	main@j_132+1
   461  00B8  0825               	movf	?___ftadd+2,w
   462  00B9  00B5               	movwf	main@j_132+2
   463  00BA  0833               	movf	main@j_132,w
   464  00BB  00F4               	movwf	___ftge@ff1
   465  00BC  0834               	movf	main@j_132+1,w
   466  00BD  00F5               	movwf	___ftge@ff1+1
   467  00BE  0835               	movf	main@j_132+2,w
   468  00BF  00F6               	movwf	___ftge@ff1+2
   469  00C0  3000               	movlw	0
   470  00C1  00F7               	movwf	___ftge@ff2
   471  00C2  307A               	movlw	122
   472  00C3  00F8               	movwf	___ftge@ff2+1
   473  00C4  3044               	movlw	68
   474  00C5  00F9               	movwf	___ftge@ff2+2
   475  00C6  120A  118A  23C1  120A  118A  	fcall	___ftge
   476  00CB  1C03               	btfss	3,0
   477  00CC  289F               	goto	l883
   478  00CD                     l885:	
   479                           
   480                           ;main.c: 49: PORTD = 0x04;
   481  00CD  3004               	movlw	4
   482  00CE  1283               	bcf	3,5	;RP0=0, select bank0
   483  00CF  1303               	bcf	3,6	;RP1=0, select bank0
   484  00D0  0088               	movwf	8	;volatile
   485                           
   486                           ;main.c: 50: for(float j =0;j<1000;j++);
   487  00D1  3000               	movlw	0
   488  00D2  00B6               	movwf	main@j_133
   489  00D3  3000               	movlw	0
   490  00D4  00B7               	movwf	main@j_133+1
   491  00D5  3000               	movlw	0
   492  00D6  00B8               	movwf	main@j_133+2
   493  00D7  0836               	movf	main@j_133,w
   494  00D8  00F4               	movwf	___ftge@ff1
   495  00D9  0837               	movf	main@j_133+1,w
   496  00DA  00F5               	movwf	___ftge@ff1+1
   497  00DB  0838               	movf	main@j_133+2,w
   498  00DC  00F6               	movwf	___ftge@ff1+2
   499  00DD  3000               	movlw	0
   500  00DE  00F7               	movwf	___ftge@ff2
   501  00DF  307A               	movlw	122
   502  00E0  00F8               	movwf	___ftge@ff2+1
   503  00E1  3044               	movlw	68
   504  00E2  00F9               	movwf	___ftge@ff2+2
   505  00E3  120A  118A  23C1  120A  118A  	fcall	___ftge
   506  00E8  1803               	btfsc	3,0
   507  00E9  2918               	goto	l893
   508  00EA                     l891:	
   509  00EA  3000               	movlw	0
   510  00EB  1283               	bcf	3,5	;RP0=0, select bank0
   511  00EC  1303               	bcf	3,6	;RP1=0, select bank0
   512  00ED  00A3               	movwf	___ftadd@f1
   513  00EE  3080               	movlw	128
   514  00EF  00A4               	movwf	___ftadd@f1+1
   515  00F0  303F               	movlw	63
   516  00F1  00A5               	movwf	___ftadd@f1+2
   517  00F2  0836               	movf	main@j_133,w
   518  00F3  00A6               	movwf	___ftadd@f2
   519  00F4  0837               	movf	main@j_133+1,w
   520  00F5  00A7               	movwf	___ftadd@f2+1
   521  00F6  0838               	movf	main@j_133+2,w
   522  00F7  00A8               	movwf	___ftadd@f2+2
   523  00F8  120A  118A  224A  120A  118A  	fcall	___ftadd
   524  00FD  1283               	bcf	3,5	;RP0=0, select bank0
   525  00FE  1303               	bcf	3,6	;RP1=0, select bank0
   526  00FF  0823               	movf	?___ftadd,w
   527  0100  00B6               	movwf	main@j_133
   528  0101  0824               	movf	?___ftadd+1,w
   529  0102  00B7               	movwf	main@j_133+1
   530  0103  0825               	movf	?___ftadd+2,w
   531  0104  00B8               	movwf	main@j_133+2
   532  0105  0836               	movf	main@j_133,w
   533  0106  00F4               	movwf	___ftge@ff1
   534  0107  0837               	movf	main@j_133+1,w
   535  0108  00F5               	movwf	___ftge@ff1+1
   536  0109  0838               	movf	main@j_133+2,w
   537  010A  00F6               	movwf	___ftge@ff1+2
   538  010B  3000               	movlw	0
   539  010C  00F7               	movwf	___ftge@ff2
   540  010D  307A               	movlw	122
   541  010E  00F8               	movwf	___ftge@ff2+1
   542  010F  3044               	movlw	68
   543  0110  00F9               	movwf	___ftge@ff2+2
   544  0111  120A  118A  23C1  120A  118A  	fcall	___ftge
   545  0116  1C03               	btfss	3,0
   546  0117  28EA               	goto	l891
   547  0118                     l893:	
   548                           
   549                           ;main.c: 51: PORTD = 0x08;
   550  0118  3008               	movlw	8
   551  0119  1283               	bcf	3,5	;RP0=0, select bank0
   552  011A  1303               	bcf	3,6	;RP1=0, select bank0
   553  011B  0088               	movwf	8	;volatile
   554                           
   555                           ;main.c: 52: for(float j =0;j<1000;j++);
   556  011C  3000               	movlw	0
   557  011D  00B9               	movwf	main@j_134
   558  011E  3000               	movlw	0
   559  011F  00BA               	movwf	main@j_134+1
   560  0120  3000               	movlw	0
   561  0121  00BB               	movwf	main@j_134+2
   562  0122  0839               	movf	main@j_134,w
   563  0123  00F4               	movwf	___ftge@ff1
   564  0124  083A               	movf	main@j_134+1,w
   565  0125  00F5               	movwf	___ftge@ff1+1
   566  0126  083B               	movf	main@j_134+2,w
   567  0127  00F6               	movwf	___ftge@ff1+2
   568  0128  3000               	movlw	0
   569  0129  00F7               	movwf	___ftge@ff2
   570  012A  307A               	movlw	122
   571  012B  00F8               	movwf	___ftge@ff2+1
   572  012C  3044               	movlw	68
   573  012D  00F9               	movwf	___ftge@ff2+2
   574  012E  120A  118A  23C1  120A  118A  	fcall	___ftge
   575  0133  1803               	btfsc	3,0
   576  0134  2963               	goto	l901
   577  0135                     l899:	
   578  0135  3000               	movlw	0
   579  0136  1283               	bcf	3,5	;RP0=0, select bank0
   580  0137  1303               	bcf	3,6	;RP1=0, select bank0
   581  0138  00A3               	movwf	___ftadd@f1
   582  0139  3080               	movlw	128
   583  013A  00A4               	movwf	___ftadd@f1+1
   584  013B  303F               	movlw	63
   585  013C  00A5               	movwf	___ftadd@f1+2
   586  013D  0839               	movf	main@j_134,w
   587  013E  00A6               	movwf	___ftadd@f2
   588  013F  083A               	movf	main@j_134+1,w
   589  0140  00A7               	movwf	___ftadd@f2+1
   590  0141  083B               	movf	main@j_134+2,w
   591  0142  00A8               	movwf	___ftadd@f2+2
   592  0143  120A  118A  224A  120A  118A  	fcall	___ftadd
   593  0148  1283               	bcf	3,5	;RP0=0, select bank0
   594  0149  1303               	bcf	3,6	;RP1=0, select bank0
   595  014A  0823               	movf	?___ftadd,w
   596  014B  00B9               	movwf	main@j_134
   597  014C  0824               	movf	?___ftadd+1,w
   598  014D  00BA               	movwf	main@j_134+1
   599  014E  0825               	movf	?___ftadd+2,w
   600  014F  00BB               	movwf	main@j_134+2
   601  0150  0839               	movf	main@j_134,w
   602  0151  00F4               	movwf	___ftge@ff1
   603  0152  083A               	movf	main@j_134+1,w
   604  0153  00F5               	movwf	___ftge@ff1+1
   605  0154  083B               	movf	main@j_134+2,w
   606  0155  00F6               	movwf	___ftge@ff1+2
   607  0156  3000               	movlw	0
   608  0157  00F7               	movwf	___ftge@ff2
   609  0158  307A               	movlw	122
   610  0159  00F8               	movwf	___ftge@ff2+1
   611  015A  3044               	movlw	68
   612  015B  00F9               	movwf	___ftge@ff2+2
   613  015C  120A  118A  23C1  120A  118A  	fcall	___ftge
   614  0161  1C03               	btfss	3,0
   615  0162  2935               	goto	l899
   616  0163                     l901:	
   617                           
   618                           ;main.c: 53: PORTD = 0x04;
   619  0163  3004               	movlw	4
   620  0164  1283               	bcf	3,5	;RP0=0, select bank0
   621  0165  1303               	bcf	3,6	;RP1=0, select bank0
   622  0166  0088               	movwf	8	;volatile
   623                           
   624                           ;main.c: 54: for(float j =0;j<1000;j++);
   625  0167  3000               	movlw	0
   626  0168  00BC               	movwf	main@j_135
   627  0169  3000               	movlw	0
   628  016A  00BD               	movwf	main@j_135+1
   629  016B  3000               	movlw	0
   630  016C  00BE               	movwf	main@j_135+2
   631  016D  083C               	movf	main@j_135,w
   632  016E  00F4               	movwf	___ftge@ff1
   633  016F  083D               	movf	main@j_135+1,w
   634  0170  00F5               	movwf	___ftge@ff1+1
   635  0171  083E               	movf	main@j_135+2,w
   636  0172  00F6               	movwf	___ftge@ff1+2
   637  0173  3000               	movlw	0
   638  0174  00F7               	movwf	___ftge@ff2
   639  0175  307A               	movlw	122
   640  0176  00F8               	movwf	___ftge@ff2+1
   641  0177  3044               	movlw	68
   642  0178  00F9               	movwf	___ftge@ff2+2
   643  0179  120A  118A  23C1  120A  118A  	fcall	___ftge
   644  017E  1803               	btfsc	3,0
   645  017F  29AE               	goto	l909
   646  0180                     l907:	
   647  0180  3000               	movlw	0
   648  0181  1283               	bcf	3,5	;RP0=0, select bank0
   649  0182  1303               	bcf	3,6	;RP1=0, select bank0
   650  0183  00A3               	movwf	___ftadd@f1
   651  0184  3080               	movlw	128
   652  0185  00A4               	movwf	___ftadd@f1+1
   653  0186  303F               	movlw	63
   654  0187  00A5               	movwf	___ftadd@f1+2
   655  0188  083C               	movf	main@j_135,w
   656  0189  00A6               	movwf	___ftadd@f2
   657  018A  083D               	movf	main@j_135+1,w
   658  018B  00A7               	movwf	___ftadd@f2+1
   659  018C  083E               	movf	main@j_135+2,w
   660  018D  00A8               	movwf	___ftadd@f2+2
   661  018E  120A  118A  224A  120A  118A  	fcall	___ftadd
   662  0193  1283               	bcf	3,5	;RP0=0, select bank0
   663  0194  1303               	bcf	3,6	;RP1=0, select bank0
   664  0195  0823               	movf	?___ftadd,w
   665  0196  00BC               	movwf	main@j_135
   666  0197  0824               	movf	?___ftadd+1,w
   667  0198  00BD               	movwf	main@j_135+1
   668  0199  0825               	movf	?___ftadd+2,w
   669  019A  00BE               	movwf	main@j_135+2
   670  019B  083C               	movf	main@j_135,w
   671  019C  00F4               	movwf	___ftge@ff1
   672  019D  083D               	movf	main@j_135+1,w
   673  019E  00F5               	movwf	___ftge@ff1+1
   674  019F  083E               	movf	main@j_135+2,w
   675  01A0  00F6               	movwf	___ftge@ff1+2
   676  01A1  3000               	movlw	0
   677  01A2  00F7               	movwf	___ftge@ff2
   678  01A3  307A               	movlw	122
   679  01A4  00F8               	movwf	___ftge@ff2+1
   680  01A5  3044               	movlw	68
   681  01A6  00F9               	movwf	___ftge@ff2+2
   682  01A7  120A  118A  23C1  120A  118A  	fcall	___ftge
   683  01AC  1C03               	btfss	3,0
   684  01AD  2980               	goto	l907
   685  01AE                     l909:	
   686                           
   687                           ;main.c: 55: PORTD = 0x02;
   688  01AE  3002               	movlw	2
   689  01AF  1283               	bcf	3,5	;RP0=0, select bank0
   690  01B0  1303               	bcf	3,6	;RP1=0, select bank0
   691  01B1  0088               	movwf	8	;volatile
   692                           
   693                           ;main.c: 56: for(float j =0;j<1000;j++);
   694  01B2  3000               	movlw	0
   695  01B3  00BF               	movwf	main@j_136
   696  01B4  3000               	movlw	0
   697  01B5  00C0               	movwf	main@j_136+1
   698  01B6  3000               	movlw	0
   699  01B7  00C1               	movwf	main@j_136+2
   700  01B8  083F               	movf	main@j_136,w
   701  01B9  00F4               	movwf	___ftge@ff1
   702  01BA  0840               	movf	main@j_136+1,w
   703  01BB  00F5               	movwf	___ftge@ff1+1
   704  01BC  0841               	movf	main@j_136+2,w
   705  01BD  00F6               	movwf	___ftge@ff1+2
   706  01BE  3000               	movlw	0
   707  01BF  00F7               	movwf	___ftge@ff2
   708  01C0  307A               	movlw	122
   709  01C1  00F8               	movwf	___ftge@ff2+1
   710  01C2  3044               	movlw	68
   711  01C3  00F9               	movwf	___ftge@ff2+2
   712  01C4  120A  118A  23C1  120A  118A  	fcall	___ftge
   713  01C9  1803               	btfsc	3,0
   714  01CA  29F9               	goto	l917
   715  01CB                     l915:	
   716  01CB  3000               	movlw	0
   717  01CC  1283               	bcf	3,5	;RP0=0, select bank0
   718  01CD  1303               	bcf	3,6	;RP1=0, select bank0
   719  01CE  00A3               	movwf	___ftadd@f1
   720  01CF  3080               	movlw	128
   721  01D0  00A4               	movwf	___ftadd@f1+1
   722  01D1  303F               	movlw	63
   723  01D2  00A5               	movwf	___ftadd@f1+2
   724  01D3  083F               	movf	main@j_136,w
   725  01D4  00A6               	movwf	___ftadd@f2
   726  01D5  0840               	movf	main@j_136+1,w
   727  01D6  00A7               	movwf	___ftadd@f2+1
   728  01D7  0841               	movf	main@j_136+2,w
   729  01D8  00A8               	movwf	___ftadd@f2+2
   730  01D9  120A  118A  224A  120A  118A  	fcall	___ftadd
   731  01DE  1283               	bcf	3,5	;RP0=0, select bank0
   732  01DF  1303               	bcf	3,6	;RP1=0, select bank0
   733  01E0  0823               	movf	?___ftadd,w
   734  01E1  00BF               	movwf	main@j_136
   735  01E2  0824               	movf	?___ftadd+1,w
   736  01E3  00C0               	movwf	main@j_136+1
   737  01E4  0825               	movf	?___ftadd+2,w
   738  01E5  00C1               	movwf	main@j_136+2
   739  01E6  083F               	movf	main@j_136,w
   740  01E7  00F4               	movwf	___ftge@ff1
   741  01E8  0840               	movf	main@j_136+1,w
   742  01E9  00F5               	movwf	___ftge@ff1+1
   743  01EA  0841               	movf	main@j_136+2,w
   744  01EB  00F6               	movwf	___ftge@ff1+2
   745  01EC  3000               	movlw	0
   746  01ED  00F7               	movwf	___ftge@ff2
   747  01EE  307A               	movlw	122
   748  01EF  00F8               	movwf	___ftge@ff2+1
   749  01F0  3044               	movlw	68
   750  01F1  00F9               	movwf	___ftge@ff2+2
   751  01F2  120A  118A  23C1  120A  118A  	fcall	___ftge
   752  01F7  1C03               	btfss	3,0
   753  01F8  29CB               	goto	l915
   754  01F9                     l917:	
   755                           
   756                           ;main.c: 57: PORTD = 0x01;
   757  01F9  3001               	movlw	1
   758  01FA  1283               	bcf	3,5	;RP0=0, select bank0
   759  01FB  1303               	bcf	3,6	;RP1=0, select bank0
   760  01FC  0088               	movwf	8	;volatile
   761                           
   762                           ;main.c: 58: for(float j =0;j<1000;j++);
   763  01FD  3000               	movlw	0
   764  01FE  00C2               	movwf	main@j_137
   765  01FF  3000               	movlw	0
   766  0200  00C3               	movwf	main@j_137+1
   767  0201  3000               	movlw	0
   768  0202  00C4               	movwf	main@j_137+2
   769  0203  0842               	movf	main@j_137,w
   770  0204  00F4               	movwf	___ftge@ff1
   771  0205  0843               	movf	main@j_137+1,w
   772  0206  00F5               	movwf	___ftge@ff1+1
   773  0207  0844               	movf	main@j_137+2,w
   774  0208  00F6               	movwf	___ftge@ff1+2
   775  0209  3000               	movlw	0
   776  020A  00F7               	movwf	___ftge@ff2
   777  020B  307A               	movlw	122
   778  020C  00F8               	movwf	___ftge@ff2+1
   779  020D  3044               	movlw	68
   780  020E  00F9               	movwf	___ftge@ff2+2
   781  020F  120A  118A  23C1  120A  118A  	fcall	___ftge
   782  0214  1803               	btfsc	3,0
   783  0215  2A44               	goto	l925
   784  0216                     l923:	
   785  0216  3000               	movlw	0
   786  0217  1283               	bcf	3,5	;RP0=0, select bank0
   787  0218  1303               	bcf	3,6	;RP1=0, select bank0
   788  0219  00A3               	movwf	___ftadd@f1
   789  021A  3080               	movlw	128
   790  021B  00A4               	movwf	___ftadd@f1+1
   791  021C  303F               	movlw	63
   792  021D  00A5               	movwf	___ftadd@f1+2
   793  021E  0842               	movf	main@j_137,w
   794  021F  00A6               	movwf	___ftadd@f2
   795  0220  0843               	movf	main@j_137+1,w
   796  0221  00A7               	movwf	___ftadd@f2+1
   797  0222  0844               	movf	main@j_137+2,w
   798  0223  00A8               	movwf	___ftadd@f2+2
   799  0224  120A  118A  224A  120A  118A  	fcall	___ftadd
   800  0229  1283               	bcf	3,5	;RP0=0, select bank0
   801  022A  1303               	bcf	3,6	;RP1=0, select bank0
   802  022B  0823               	movf	?___ftadd,w
   803  022C  00C2               	movwf	main@j_137
   804  022D  0824               	movf	?___ftadd+1,w
   805  022E  00C3               	movwf	main@j_137+1
   806  022F  0825               	movf	?___ftadd+2,w
   807  0230  00C4               	movwf	main@j_137+2
   808  0231  0842               	movf	main@j_137,w
   809  0232  00F4               	movwf	___ftge@ff1
   810  0233  0843               	movf	main@j_137+1,w
   811  0234  00F5               	movwf	___ftge@ff1+1
   812  0235  0844               	movf	main@j_137+2,w
   813  0236  00F6               	movwf	___ftge@ff1+2
   814  0237  3000               	movlw	0
   815  0238  00F7               	movwf	___ftge@ff2
   816  0239  307A               	movlw	122
   817  023A  00F8               	movwf	___ftge@ff2+1
   818  023B  3044               	movlw	68
   819  023C  00F9               	movwf	___ftge@ff2+2
   820  023D  120A  118A  23C1  120A  118A  	fcall	___ftge
   821  0242  1C03               	btfss	3,0
   822  0243  2A16               	goto	l923
   823  0244                     l925:	
   824                           
   825                           ;main.c: 59: PORTD = 0x00;
   826  0244  1283               	bcf	3,5	;RP0=0, select bank0
   827  0245  1303               	bcf	3,6	;RP1=0, select bank0
   828  0246  0188               	clrf	8	;volatile
   829                           
   830                           ;main.c: 60: flag = 0;
   831  0247  01C5               	clrf	_flag
   832  0248  01C6               	clrf	_flag+1
   833  0249  2834               	goto	l28
   834  024A                     __end_of_main:	
   835                           ;main.c: 62: }
   836                           ;main.c: 64: }
   837                           ;main.c: 66: return 0;
   838                           ;	Return value of _main is never used
   839                           
   840                           
   841                           	psect	text1
   842  03C1                     __ptext1:	
   843 ;; *************** function ___ftge *****************
   844 ;; Defined at:
   845 ;;		line 4 in file "C:\Program Files (x86)\Microchip\xc8\v1.33\sources\common\ftge.c"
   846 ;; Parameters:    Size  Location     Type
   847 ;;  ff1             3    4[COMMON] float 
   848 ;;  ff2             3    7[COMMON] float 
   849 ;; Auto vars:     Size  Location     Type
   850 ;;		None
   851 ;; Return value:  Size  Location     Type
   852 ;;		None               void
   853 ;; Registers used:
   854 ;;		wreg, status,2, status,0
   855 ;; Tracked objects:
   856 ;;		On entry : 0/0
   857 ;;		On exit  : 0/0
   858 ;;		Unchanged: 0/0
   859 ;; Data sizes:     COMMON   BANK0   BANK1   BANK3   BANK2
   860 ;;      Params:         6       0       0       0       0
   861 ;;      Locals:         0       0       0       0       0
   862 ;;      Temps:          0       6       0       0       0
   863 ;;      Totals:         6       6       0       0       0
   864 ;;Total ram usage:       12 bytes
   865 ;; Hardware stack levels used:    1
   866 ;; Hardware stack levels required when called:    1
   867 ;; This function calls:
   868 ;;		Nothing
   869 ;; This function is called by:
   870 ;;		_main
   871 ;; This function uses a non-reentrant model
   872 ;;
   873                           
   874                           
   875                           ;psect for function ___ftge
   876  03C1                     ___ftge:	
   877                           
   878                           ;incstack = 0
   879                           ; Regs used in ___ftge: [wreg+status,2+status,0]
   880  03C1  1FF6               	btfss	___ftge@ff1+2,7
   881  03C2  2BEA               	goto	l829
   882  03C3  3000               	movlw	0
   883  03C4  1283               	bcf	3,5	;RP0=0, select bank0
   884  03C5  1303               	bcf	3,6	;RP1=0, select bank0
   885  03C6  00A0               	movwf	??___ftge
   886  03C7  3000               	movlw	0
   887  03C8  00A1               	movwf	??___ftge+1
   888  03C9  3080               	movlw	128
   889  03CA  00A2               	movwf	??___ftge+2
   890  03CB  0974               	comf	___ftge@ff1,w
   891  03CC  00A3               	movwf	??___ftge+3
   892  03CD  0975               	comf	___ftge@ff1+1,w
   893  03CE  00A4               	movwf	??___ftge+4
   894  03CF  0976               	comf	___ftge@ff1+2,w
   895  03D0  00A5               	movwf	??___ftge+5
   896  03D1  0AA3               	incf	??___ftge+3,f
   897  03D2  1903               	skipnz
   898  03D3  0AA4               	incf	??___ftge+4,f
   899  03D4  1903               	skipnz
   900  03D5  0AA5               	incf	??___ftge+5,f
   901  03D6  0823               	movf	??___ftge+3,w
   902  03D7  07A0               	addwf	??___ftge,f
   903  03D8  0824               	movf	??___ftge+4,w
   904  03D9  1803               	skipnc
   905  03DA  0F24               	incfsz	??___ftge+4,w
   906  03DB  2BDD               	goto	u921
   907  03DC  2BDE               	goto	u922
   908  03DD                     u921:	
   909  03DD  07A1               	addwf	??___ftge+1,f
   910  03DE                     u922:	
   911  03DE  0825               	movf	??___ftge+5,w
   912  03DF  1803               	skipnc
   913  03E0  0F25               	incfsz	??___ftge+5,w
   914  03E1  2BE3               	goto	u923
   915  03E2  2BE4               	goto	u924
   916  03E3                     u923:	
   917  03E3  07A2               	addwf	??___ftge+2,f
   918  03E4                     u924:	
   919  03E4  0820               	movf	??___ftge,w
   920  03E5  00F4               	movwf	___ftge@ff1
   921  03E6  0821               	movf	??___ftge+1,w
   922  03E7  00F5               	movwf	___ftge@ff1+1
   923  03E8  0822               	movf	??___ftge+2,w
   924  03E9  00F6               	movwf	___ftge@ff1+2
   925  03EA                     l829:	
   926  03EA  1FF9               	btfss	___ftge@ff2+2,7
   927  03EB  2C13               	goto	l833
   928  03EC  3000               	movlw	0
   929  03ED  1283               	bcf	3,5	;RP0=0, select bank0
   930  03EE  1303               	bcf	3,6	;RP1=0, select bank0
   931  03EF  00A0               	movwf	??___ftge
   932  03F0  3000               	movlw	0
   933  03F1  00A1               	movwf	??___ftge+1
   934  03F2  3080               	movlw	128
   935  03F3  00A2               	movwf	??___ftge+2
   936  03F4  0977               	comf	___ftge@ff2,w
   937  03F5  00A3               	movwf	??___ftge+3
   938  03F6  0978               	comf	___ftge@ff2+1,w
   939  03F7  00A4               	movwf	??___ftge+4
   940  03F8  0979               	comf	___ftge@ff2+2,w
   941  03F9  00A5               	movwf	??___ftge+5
   942  03FA  0AA3               	incf	??___ftge+3,f
   943  03FB  1903               	skipnz
   944  03FC  0AA4               	incf	??___ftge+4,f
   945  03FD  1903               	skipnz
   946  03FE  0AA5               	incf	??___ftge+5,f
   947  03FF  0823               	movf	??___ftge+3,w
   948  0400  07A0               	addwf	??___ftge,f
   949  0401  0824               	movf	??___ftge+4,w
   950  0402  1803               	skipnc
   951  0403  0F24               	incfsz	??___ftge+4,w
   952  0404  2C06               	goto	u941
   953  0405  2C07               	goto	u942
   954  0406                     u941:	
   955  0406  07A1               	addwf	??___ftge+1,f
   956  0407                     u942:	
   957  0407  0825               	movf	??___ftge+5,w
   958  0408  1803               	skipnc
   959  0409  0F25               	incfsz	??___ftge+5,w
   960  040A  2C0C               	goto	u943
   961  040B  2C0D               	goto	u944
   962  040C                     u943:	
   963  040C  07A2               	addwf	??___ftge+2,f
   964  040D                     u944:	
   965  040D  0820               	movf	??___ftge,w
   966  040E  00F7               	movwf	___ftge@ff2
   967  040F  0821               	movf	??___ftge+1,w
   968  0410  00F8               	movwf	___ftge@ff2+1
   969  0411  0822               	movf	??___ftge+2,w
   970  0412  00F9               	movwf	___ftge@ff2+2
   971  0413                     l833:	
   972  0413  3080               	movlw	128
   973  0414  06F6               	xorwf	___ftge@ff1+2,f
   974  0415  3080               	movlw	128
   975  0416  06F9               	xorwf	___ftge@ff2+2,f
   976  0417  0879               	movf	___ftge@ff2+2,w
   977  0418  0276               	subwf	___ftge@ff1+2,w
   978  0419  1D03               	skipz
   979  041A  0008               	return
   980  041B  0878               	movf	___ftge@ff2+1,w
   981  041C  0275               	subwf	___ftge@ff1+1,w
   982  041D  1D03               	skipz
   983  041E  0008               	return
   984  041F  0877               	movf	___ftge@ff2,w
   985  0420  0274               	subwf	___ftge@ff1,w
   986  0421  0008               	return
   987  0422                     __end_of___ftge:	
   988                           
   989                           	psect	text2
   990  024A                     __ptext2:	
   991 ;; *************** function ___ftadd *****************
   992 ;; Defined at:
   993 ;;		line 86 in file "C:\Program Files (x86)\Microchip\xc8\v1.33\sources\common\ftadd.c"
   994 ;; Parameters:    Size  Location     Type
   995 ;;  f1              3    3[BANK0 ] float 
   996 ;;  f2              3    6[BANK0 ] float 
   997 ;; Auto vars:     Size  Location     Type
   998 ;;  exp1            1   15[BANK0 ] unsigned char 
   999 ;;  exp2            1   14[BANK0 ] unsigned char 
  1000 ;;  sign            1   13[BANK0 ] unsigned char 
  1001 ;; Return value:  Size  Location     Type
  1002 ;;                  3    3[BANK0 ] float 
  1003 ;; Registers used:
  1004 ;;		wreg, status,2, status,0, pclath, cstack
  1005 ;; Tracked objects:
  1006 ;;		On entry : 0/0
  1007 ;;		On exit  : 0/0
  1008 ;;		Unchanged: 0/0
  1009 ;; Data sizes:     COMMON   BANK0   BANK1   BANK3   BANK2
  1010 ;;      Params:         0       6       0       0       0
  1011 ;;      Locals:         0       3       0       0       0
  1012 ;;      Temps:          0       4       0       0       0
  1013 ;;      Totals:         0      13       0       0       0
  1014 ;;Total ram usage:       13 bytes
  1015 ;; Hardware stack levels used:    1
  1016 ;; Hardware stack levels required when called:    2
  1017 ;; This function calls:
  1018 ;;		___ftpack
  1019 ;; This function is called by:
  1020 ;;		_main
  1021 ;; This function uses a non-reentrant model
  1022 ;;
  1023                           
  1024                           
  1025                           ;psect for function ___ftadd
  1026  024A                     ___ftadd:	
  1027                           
  1028                           ;incstack = 0
  1029                           ; Regs used in ___ftadd: [wreg+status,2+status,0+pclath+cstack]
  1030  024A  1283               	bcf	3,5	;RP0=0, select bank0
  1031  024B  1303               	bcf	3,6	;RP1=0, select bank0
  1032  024C  0823               	movf	___ftadd@f1,w
  1033  024D  00A9               	movwf	??___ftadd
  1034  024E  0824               	movf	___ftadd@f1+1,w
  1035  024F  00AA               	movwf	??___ftadd+1
  1036  0250  0825               	movf	___ftadd@f1+2,w
  1037  0251  00AB               	movwf	??___ftadd+2
  1038  0252  1003               	clrc
  1039  0253  0D2A               	rlf	??___ftadd+1,w
  1040  0254  0D2B               	rlf	??___ftadd+2,w
  1041  0255  00AC               	movwf	??___ftadd+3
  1042  0256  082C               	movf	??___ftadd+3,w
  1043  0257  00AF               	movwf	___ftadd@exp1
  1044  0258  0826               	movf	___ftadd@f2,w
  1045  0259  00A9               	movwf	??___ftadd
  1046  025A  0827               	movf	___ftadd@f2+1,w
  1047  025B  00AA               	movwf	??___ftadd+1
  1048  025C  0828               	movf	___ftadd@f2+2,w
  1049  025D  00AB               	movwf	??___ftadd+2
  1050  025E  1003               	clrc
  1051  025F  0D2A               	rlf	??___ftadd+1,w
  1052  0260  0D2B               	rlf	??___ftadd+2,w
  1053  0261  00AC               	movwf	??___ftadd+3
  1054  0262  082C               	movf	??___ftadd+3,w
  1055  0263  00AE               	movwf	___ftadd@exp2
  1056  0264  082F               	movf	___ftadd@exp1,w
  1057  0265  1903               	btfsc	3,2
  1058  0266  2A73               	goto	l761
  1059  0267  082E               	movf	___ftadd@exp2,w
  1060  0268  022F               	subwf	___ftadd@exp1,w
  1061  0269  1803               	skipnc
  1062  026A  2A7A               	goto	l765
  1063  026B  032F               	decf	___ftadd@exp1,w
  1064  026C  3AFF               	xorlw	255
  1065  026D  072E               	addwf	___ftadd@exp2,w
  1066  026E  00A9               	movwf	??___ftadd
  1067  026F  3019               	movlw	25
  1068  0270  0229               	subwf	??___ftadd,w
  1069  0271  1C03               	skipc
  1070  0272  2A7A               	goto	l765
  1071  0273                     l761:	
  1072  0273  0826               	movf	___ftadd@f2,w
  1073  0274  00A3               	movwf	?___ftadd
  1074  0275  0827               	movf	___ftadd@f2+1,w
  1075  0276  00A4               	movwf	?___ftadd+1
  1076  0277  0828               	movf	___ftadd@f2+2,w
  1077  0278  00A5               	movwf	?___ftadd+2
  1078  0279  0008               	return
  1079  027A                     l765:	
  1080  027A  082E               	movf	___ftadd@exp2,w
  1081  027B  1903               	btfsc	3,2
  1082  027C  0008               	return
  1083  027D  082F               	movf	___ftadd@exp1,w
  1084  027E  022E               	subwf	___ftadd@exp2,w
  1085  027F  1803               	skipnc
  1086  0280  2A89               	goto	l771
  1087  0281  032E               	decf	___ftadd@exp2,w
  1088  0282  3AFF               	xorlw	255
  1089  0283  072F               	addwf	___ftadd@exp1,w
  1090  0284  00A9               	movwf	??___ftadd
  1091  0285  3019               	movlw	25
  1092  0286  0229               	subwf	??___ftadd,w
  1093  0287  1803               	btfsc	3,0
  1094  0288  0008               	return
  1095  0289                     l771:	
  1096  0289  3006               	movlw	6
  1097  028A  00A9               	movwf	??___ftadd
  1098  028B  0829               	movf	??___ftadd,w
  1099  028C  00AD               	movwf	___ftadd@sign
  1100  028D  1BA5               	btfsc	___ftadd@f1+2,7
  1101  028E  17AD               	bsf	___ftadd@sign,7
  1102  028F  1BA8               	btfsc	___ftadd@f2+2,7
  1103  0290  172D               	bsf	___ftadd@sign,6
  1104  0291  17A4               	bsf	___ftadd@f1+1,7
  1105  0292  30FF               	movlw	255
  1106  0293  05A3               	andwf	___ftadd@f1,f
  1107  0294  30FF               	movlw	255
  1108  0295  05A4               	andwf	___ftadd@f1+1,f
  1109  0296  3000               	movlw	0
  1110  0297  05A5               	andwf	___ftadd@f1+2,f
  1111  0298  17A7               	bsf	___ftadd@f2+1,7
  1112  0299  30FF               	movlw	255
  1113  029A  05A6               	andwf	___ftadd@f2,f
  1114  029B  30FF               	movlw	255
  1115  029C  05A7               	andwf	___ftadd@f2+1,f
  1116  029D  3000               	movlw	0
  1117  029E  05A8               	andwf	___ftadd@f2+2,f
  1118  029F  082E               	movf	___ftadd@exp2,w
  1119  02A0  022F               	subwf	___ftadd@exp1,w
  1120  02A1  1803               	skipnc
  1121  02A2  2AC9               	goto	l793
  1122  02A3                     l783:	
  1123  02A3  3001               	movlw	1
  1124  02A4                     u765:	
  1125  02A4  1003               	clrc
  1126  02A5  0DA6               	rlf	___ftadd@f2,f
  1127  02A6  0DA7               	rlf	___ftadd@f2+1,f
  1128  02A7  0DA8               	rlf	___ftadd@f2+2,f
  1129  02A8  3EFF               	addlw	-1
  1130  02A9  1D03               	skipz
  1131  02AA  2AA4               	goto	u765
  1132  02AB  3001               	movlw	1
  1133  02AC  02AE               	subwf	___ftadd@exp2,f
  1134  02AD  082E               	movf	___ftadd@exp2,w
  1135  02AE  062F               	xorwf	___ftadd@exp1,w
  1136  02AF  1903               	skipnz
  1137  02B0  2AC4               	goto	l791
  1138  02B1  3001               	movlw	1
  1139  02B2  02AD               	subwf	___ftadd@sign,f
  1140  02B3  082D               	movf	___ftadd@sign,w
  1141  02B4  3907               	andlw	7
  1142  02B5  1903               	btfsc	3,2
  1143  02B6  2AC4               	goto	l791
  1144  02B7  2AA3               	goto	l783
  1145  02B8                     l789:	
  1146  02B8  3001               	movlw	1
  1147  02B9                     u795:	
  1148  02B9  1003               	clrc
  1149  02BA  0CA5               	rrf	___ftadd@f1+2,f
  1150  02BB  0CA4               	rrf	___ftadd@f1+1,f
  1151  02BC  0CA3               	rrf	___ftadd@f1,f
  1152  02BD  3EFF               	addlw	-1
  1153  02BE  1D03               	skipz
  1154  02BF  2AB9               	goto	u795
  1155  02C0  3001               	movlw	1
  1156  02C1  00A9               	movwf	??___ftadd
  1157  02C2  0829               	movf	??___ftadd,w
  1158  02C3  07AF               	addwf	___ftadd@exp1,f
  1159  02C4                     l791:	
  1160  02C4  082F               	movf	___ftadd@exp1,w
  1161  02C5  062E               	xorwf	___ftadd@exp2,w
  1162  02C6  1903               	btfsc	3,2
  1163  02C7  2AF2               	goto	l320
  1164  02C8  2AB8               	goto	l789
  1165  02C9                     l793:	
  1166  02C9  082F               	movf	___ftadd@exp1,w
  1167  02CA  022E               	subwf	___ftadd@exp2,w
  1168  02CB  1803               	skipnc
  1169  02CC  2AF2               	goto	l320
  1170  02CD                     l795:	
  1171  02CD  3001               	movlw	1
  1172  02CE                     u825:	
  1173  02CE  1003               	clrc
  1174  02CF  0DA3               	rlf	___ftadd@f1,f
  1175  02D0  0DA4               	rlf	___ftadd@f1+1,f
  1176  02D1  0DA5               	rlf	___ftadd@f1+2,f
  1177  02D2  3EFF               	addlw	-1
  1178  02D3  1D03               	skipz
  1179  02D4  2ACE               	goto	u825
  1180  02D5  3001               	movlw	1
  1181  02D6  02AF               	subwf	___ftadd@exp1,f
  1182  02D7  082E               	movf	___ftadd@exp2,w
  1183  02D8  062F               	xorwf	___ftadd@exp1,w
  1184  02D9  1903               	skipnz
  1185  02DA  2AEE               	goto	l803
  1186  02DB  3001               	movlw	1
  1187  02DC  02AD               	subwf	___ftadd@sign,f
  1188  02DD  082D               	movf	___ftadd@sign,w
  1189  02DE  3907               	andlw	7
  1190  02DF  1903               	btfsc	3,2
  1191  02E0  2AEE               	goto	l803
  1192  02E1  2ACD               	goto	l795
  1193  02E2                     l801:	
  1194  02E2  3001               	movlw	1
  1195  02E3                     u855:	
  1196  02E3  1003               	clrc
  1197  02E4  0CA8               	rrf	___ftadd@f2+2,f
  1198  02E5  0CA7               	rrf	___ftadd@f2+1,f
  1199  02E6  0CA6               	rrf	___ftadd@f2,f
  1200  02E7  3EFF               	addlw	-1
  1201  02E8  1D03               	skipz
  1202  02E9  2AE3               	goto	u855
  1203  02EA  3001               	movlw	1
  1204  02EB  00A9               	movwf	??___ftadd
  1205  02EC  0829               	movf	??___ftadd,w
  1206  02ED  07AE               	addwf	___ftadd@exp2,f
  1207  02EE                     l803:	
  1208  02EE  082F               	movf	___ftadd@exp1,w
  1209  02EF  062E               	xorwf	___ftadd@exp2,w
  1210  02F0  1D03               	skipz
  1211  02F1  2AE2               	goto	l801
  1212  02F2                     l320:	
  1213  02F2  1FAD               	btfss	___ftadd@sign,7
  1214  02F3  2B04               	goto	l807
  1215  02F4  30FF               	movlw	255
  1216  02F5  06A3               	xorwf	___ftadd@f1,f
  1217  02F6  30FF               	movlw	255
  1218  02F7  06A4               	xorwf	___ftadd@f1+1,f
  1219  02F8  30FF               	movlw	255
  1220  02F9  06A5               	xorwf	___ftadd@f1+2,f
  1221  02FA  3001               	movlw	1
  1222  02FB  07A3               	addwf	___ftadd@f1,f
  1223  02FC  3000               	movlw	0
  1224  02FD  1803               	skipnc
  1225  02FE  3001               	movlw	1
  1226  02FF  07A4               	addwf	___ftadd@f1+1,f
  1227  0300  3000               	movlw	0
  1228  0301  1803               	skipnc
  1229  0302  3001               	movlw	1
  1230  0303  07A5               	addwf	___ftadd@f1+2,f
  1231  0304                     l807:	
  1232  0304  1F2D               	btfss	___ftadd@sign,6
  1233  0305  2B16               	goto	l811
  1234  0306  30FF               	movlw	255
  1235  0307  06A6               	xorwf	___ftadd@f2,f
  1236  0308  30FF               	movlw	255
  1237  0309  06A7               	xorwf	___ftadd@f2+1,f
  1238  030A  30FF               	movlw	255
  1239  030B  06A8               	xorwf	___ftadd@f2+2,f
  1240  030C  3001               	movlw	1
  1241  030D  07A6               	addwf	___ftadd@f2,f
  1242  030E  3000               	movlw	0
  1243  030F  1803               	skipnc
  1244  0310  3001               	movlw	1
  1245  0311  07A7               	addwf	___ftadd@f2+1,f
  1246  0312  3000               	movlw	0
  1247  0313  1803               	skipnc
  1248  0314  3001               	movlw	1
  1249  0315  07A8               	addwf	___ftadd@f2+2,f
  1250  0316                     l811:	
  1251  0316  01AD               	clrf	___ftadd@sign
  1252  0317  0823               	movf	___ftadd@f1,w
  1253  0318  07A6               	addwf	___ftadd@f2,f
  1254  0319  0824               	movf	___ftadd@f1+1,w
  1255  031A  1103               	clrz
  1256  031B  1803               	skipnc
  1257  031C  0A24               	incf	___ftadd@f1+1,w
  1258  031D  1D03               	btfss	3,2
  1259  031E  07A7               	addwf	___ftadd@f2+1,f
  1260  031F  0825               	movf	___ftadd@f1+2,w
  1261  0320  1103               	clrz
  1262  0321  1803               	skipnc
  1263  0322  0A25               	incf	___ftadd@f1+2,w
  1264  0323  1D03               	btfss	3,2
  1265  0324  07A8               	addwf	___ftadd@f2+2,f
  1266  0325  1FA8               	btfss	___ftadd@f2+2,7
  1267  0326  2B39               	goto	l821
  1268  0327  30FF               	movlw	255
  1269  0328  06A6               	xorwf	___ftadd@f2,f
  1270  0329  30FF               	movlw	255
  1271  032A  06A7               	xorwf	___ftadd@f2+1,f
  1272  032B  30FF               	movlw	255
  1273  032C  06A8               	xorwf	___ftadd@f2+2,f
  1274  032D  3001               	movlw	1
  1275  032E  07A6               	addwf	___ftadd@f2,f
  1276  032F  3000               	movlw	0
  1277  0330  1803               	skipnc
  1278  0331  3001               	movlw	1
  1279  0332  07A7               	addwf	___ftadd@f2+1,f
  1280  0333  3000               	movlw	0
  1281  0334  1803               	skipnc
  1282  0335  3001               	movlw	1
  1283  0336  07A8               	addwf	___ftadd@f2+2,f
  1284  0337  01AD               	clrf	___ftadd@sign
  1285  0338  0AAD               	incf	___ftadd@sign,f
  1286  0339                     l821:	
  1287  0339  0826               	movf	___ftadd@f2,w
  1288  033A  00F4               	movwf	___ftpack@arg
  1289  033B  0827               	movf	___ftadd@f2+1,w
  1290  033C  00F5               	movwf	___ftpack@arg+1
  1291  033D  0828               	movf	___ftadd@f2+2,w
  1292  033E  00F6               	movwf	___ftpack@arg+2
  1293  033F  082F               	movf	___ftadd@exp1,w
  1294  0340  00A9               	movwf	??___ftadd
  1295  0341  0829               	movf	??___ftadd,w
  1296  0342  00F7               	movwf	___ftpack@exp
  1297  0343  082D               	movf	___ftadd@sign,w
  1298  0344  00AA               	movwf	??___ftadd+1
  1299  0345  082A               	movf	??___ftadd+1,w
  1300  0346  00F8               	movwf	___ftpack@sign
  1301  0347  120A  118A  2353   	fcall	___ftpack
  1302  034A  0874               	movf	?___ftpack,w
  1303  034B  1283               	bcf	3,5	;RP0=0, select bank0
  1304  034C  1303               	bcf	3,6	;RP1=0, select bank0
  1305  034D  00A3               	movwf	?___ftadd
  1306  034E  0875               	movf	?___ftpack+1,w
  1307  034F  00A4               	movwf	?___ftadd+1
  1308  0350  0876               	movf	?___ftpack+2,w
  1309  0351  00A5               	movwf	?___ftadd+2
  1310  0352  0008               	return
  1311  0353                     __end_of___ftadd:	
  1312                           
  1313                           	psect	text3
  1314  0353                     __ptext3:	
  1315 ;; *************** function ___ftpack *****************
  1316 ;; Defined at:
  1317 ;;		line 62 in file "C:\Program Files (x86)\Microchip\xc8\v1.33\sources\common\float.c"
  1318 ;; Parameters:    Size  Location     Type
  1319 ;;  arg             3    4[COMMON] unsigned um
  1320 ;;  exp             1    7[COMMON] unsigned char 
  1321 ;;  sign            1    8[COMMON] unsigned char 
  1322 ;; Auto vars:     Size  Location     Type
  1323 ;;		None
  1324 ;; Return value:  Size  Location     Type
  1325 ;;                  3    4[COMMON] float 
  1326 ;; Registers used:
  1327 ;;		wreg, status,2, status,0
  1328 ;; Tracked objects:
  1329 ;;		On entry : 0/0
  1330 ;;		On exit  : 0/0
  1331 ;;		Unchanged: 0/0
  1332 ;; Data sizes:     COMMON   BANK0   BANK1   BANK3   BANK2
  1333 ;;      Params:         5       0       0       0       0
  1334 ;;      Locals:         0       0       0       0       0
  1335 ;;      Temps:          0       3       0       0       0
  1336 ;;      Totals:         5       3       0       0       0
  1337 ;;Total ram usage:        8 bytes
  1338 ;; Hardware stack levels used:    1
  1339 ;; Hardware stack levels required when called:    1
  1340 ;; This function calls:
  1341 ;;		Nothing
  1342 ;; This function is called by:
  1343 ;;		___ftadd
  1344 ;; This function uses a non-reentrant model
  1345 ;;
  1346                           
  1347                           
  1348                           ;psect for function ___ftpack
  1349  0353                     ___ftpack:	
  1350                           
  1351                           ;incstack = 0
  1352                           ; Regs used in ___ftpack: [wreg+status,2+status,0]
  1353  0353  0877               	movf	___ftpack@exp,w
  1354  0354  1903               	btfsc	3,2
  1355  0355  2B5B               	goto	l727
  1356  0356  0876               	movf	___ftpack@arg+2,w
  1357  0357  0475               	iorwf	___ftpack@arg+1,w
  1358  0358  0474               	iorwf	___ftpack@arg,w
  1359  0359  1D03               	skipz
  1360  035A  2B70               	goto	l733
  1361  035B                     l727:	
  1362  035B  3000               	movlw	0
  1363  035C  00F4               	movwf	?___ftpack
  1364  035D  3000               	movlw	0
  1365  035E  00F5               	movwf	?___ftpack+1
  1366  035F  3000               	movlw	0
  1367  0360  00F6               	movwf	?___ftpack+2
  1368  0361  0008               	return
  1369  0362                     l731:	
  1370  0362  3001               	movlw	1
  1371  0363  1283               	bcf	3,5	;RP0=0, select bank0
  1372  0364  1303               	bcf	3,6	;RP1=0, select bank0
  1373  0365  00A0               	movwf	??___ftpack
  1374  0366  0820               	movf	??___ftpack,w
  1375  0367  07F7               	addwf	___ftpack@exp,f
  1376  0368  3001               	movlw	1
  1377  0369                     u585:	
  1378  0369  1003               	clrc
  1379  036A  0CF6               	rrf	___ftpack@arg+2,f
  1380  036B  0CF5               	rrf	___ftpack@arg+1,f
  1381  036C  0CF4               	rrf	___ftpack@arg,f
  1382  036D  3EFF               	addlw	-1
  1383  036E  1D03               	skipz
  1384  036F  2B69               	goto	u585
  1385  0370                     l733:	
  1386  0370  30FE               	movlw	254
  1387  0371  0576               	andwf	___ftpack@arg+2,w
  1388  0372  1903               	btfsc	3,2
  1389  0373  2B8D               	goto	l291
  1390  0374  2B62               	goto	l731
  1391  0375                     l735:	
  1392  0375  3001               	movlw	1
  1393  0376  1283               	bcf	3,5	;RP0=0, select bank0
  1394  0377  1303               	bcf	3,6	;RP1=0, select bank0
  1395  0378  00A0               	movwf	??___ftpack
  1396  0379  0820               	movf	??___ftpack,w
  1397  037A  07F7               	addwf	___ftpack@exp,f
  1398  037B  3001               	movlw	1
  1399  037C  07F4               	addwf	___ftpack@arg,f
  1400  037D  3000               	movlw	0
  1401  037E  1803               	skipnc
  1402  037F  3001               	movlw	1
  1403  0380  07F5               	addwf	___ftpack@arg+1,f
  1404  0381  3000               	movlw	0
  1405  0382  1803               	skipnc
  1406  0383  3001               	movlw	1
  1407  0384  07F6               	addwf	___ftpack@arg+2,f
  1408  0385  3001               	movlw	1
  1409  0386                     u605:	
  1410  0386  1003               	clrc
  1411  0387  0CF6               	rrf	___ftpack@arg+2,f
  1412  0388  0CF5               	rrf	___ftpack@arg+1,f
  1413  0389  0CF4               	rrf	___ftpack@arg,f
  1414  038A  3EFF               	addlw	-1
  1415  038B  1D03               	skipz
  1416  038C  2B86               	goto	u605
  1417  038D                     l291:	
  1418  038D  30FF               	movlw	255
  1419  038E  0576               	andwf	___ftpack@arg+2,w
  1420  038F  1903               	btfsc	3,2
  1421  0390  2B9C               	goto	l743
  1422  0391  2B75               	goto	l735
  1423  0392                     l741:	
  1424  0392  3001               	movlw	1
  1425  0393  02F7               	subwf	___ftpack@exp,f
  1426  0394  3001               	movlw	1
  1427  0395                     u625:	
  1428  0395  1003               	clrc
  1429  0396  0DF4               	rlf	___ftpack@arg,f
  1430  0397  0DF5               	rlf	___ftpack@arg+1,f
  1431  0398  0DF6               	rlf	___ftpack@arg+2,f
  1432  0399  3EFF               	addlw	-1
  1433  039A  1D03               	skipz
  1434  039B  2B95               	goto	u625
  1435  039C                     l743:	
  1436  039C  1FF5               	btfss	___ftpack@arg+1,7
  1437  039D  2B92               	goto	l741
  1438  039E  1877               	btfsc	___ftpack@exp,0
  1439  039F  2BA6               	goto	l297
  1440  03A0  30FF               	movlw	255
  1441  03A1  05F4               	andwf	___ftpack@arg,f
  1442  03A2  307F               	movlw	127
  1443  03A3  05F5               	andwf	___ftpack@arg+1,f
  1444  03A4  30FF               	movlw	255
  1445  03A5  05F6               	andwf	___ftpack@arg+2,f
  1446  03A6                     l297:	
  1447  03A6  1003               	clrc
  1448  03A7  0CF7               	rrf	___ftpack@exp,f
  1449  03A8  0877               	movf	___ftpack@exp,w
  1450  03A9  1283               	bcf	3,5	;RP0=0, select bank0
  1451  03AA  1303               	bcf	3,6	;RP1=0, select bank0
  1452  03AB  00A0               	movwf	??___ftpack
  1453  03AC  01A1               	clrf	??___ftpack+1
  1454  03AD  01A2               	clrf	??___ftpack+2
  1455  03AE  3010               	movlw	16
  1456  03AF                     u655:	
  1457  03AF  1003               	clrc
  1458  03B0  0DA0               	rlf	??___ftpack,f
  1459  03B1  0DA1               	rlf	??___ftpack+1,f
  1460  03B2  0DA2               	rlf	??___ftpack+2,f
  1461  03B3  3EFF               	addlw	-1
  1462  03B4  1D03               	skipz
  1463  03B5  2BAF               	goto	u655
  1464  03B6  0820               	movf	??___ftpack,w
  1465  03B7  04F4               	iorwf	___ftpack@arg,f
  1466  03B8  0821               	movf	??___ftpack+1,w
  1467  03B9  04F5               	iorwf	___ftpack@arg+1,f
  1468  03BA  0822               	movf	??___ftpack+2,w
  1469  03BB  04F6               	iorwf	___ftpack@arg+2,f
  1470  03BC  0878               	movf	___ftpack@sign,w
  1471  03BD  1903               	btfsc	3,2
  1472  03BE  0008               	return
  1473  03BF  17F6               	bsf	___ftpack@arg+2,7
  1474  03C0  0008               	return
  1475  03C1                     __end_of___ftpack:	
  1476                           
  1477                           	psect	text4
  1478  0422                     __ptext4:	
  1479 ;; *************** function _isr *****************
  1480 ;; Defined at:
  1481 ;;		line 19 in file "main.c"
  1482 ;; Parameters:    Size  Location     Type
  1483 ;;		None
  1484 ;; Auto vars:     Size  Location     Type
  1485 ;;		None
  1486 ;; Return value:  Size  Location     Type
  1487 ;;		None               void
  1488 ;; Registers used:
  1489 ;;		wreg
  1490 ;; Tracked objects:
  1491 ;;		On entry : 0/0
  1492 ;;		On exit  : 0/0
  1493 ;;		Unchanged: 0/0
  1494 ;; Data sizes:     COMMON   BANK0   BANK1   BANK3   BANK2
  1495 ;;      Params:         0       0       0       0       0
  1496 ;;      Locals:         0       0       0       0       0
  1497 ;;      Temps:          4       0       0       0       0
  1498 ;;      Totals:         4       0       0       0       0
  1499 ;;Total ram usage:        4 bytes
  1500 ;; Hardware stack levels used:    1
  1501 ;; This function calls:
  1502 ;;		Nothing
  1503 ;; This function is called by:
  1504 ;;		Interrupt level 1
  1505 ;; This function uses a non-reentrant model
  1506 ;;
  1507                           
  1508                           
  1509                           ;psect for function _isr
  1510  0422                     _isr:	
  1511                           
  1512                           ;main.c: 22: INTCONbits.INTF = 0;
  1513  0422  108B               	bcf	11,1	;volatile
  1514                           
  1515                           ;main.c: 23: flag =1;
  1516  0423  3001               	movlw	1
  1517  0424  00C5               	movwf	_flag
  1518  0425  3000               	movlw	0
  1519  0426  00C6               	movwf	_flag+1
  1520  0427  0873               	movf	??_isr+3,w
  1521  0428  00FF               	movwf	127
  1522  0429  0872               	movf	??_isr+2,w
  1523  042A  008A               	movwf	10
  1524  042B  0871               	movf	??_isr+1,w
  1525  042C  0084               	movwf	4
  1526  042D  0E70               	swapf	??_isr^(0+-128),w
  1527  042E  0083               	movwf	3
  1528  042F  0EFE               	swapf	126,f
  1529  0430  0E7E               	swapf	126,w
  1530  0431  0009               	retfie
  1531  0432                     __end_of_isr:	
  1532  007E                     btemp	set	126	;btemp
  1533  007E                     wtemp	set	126
  1534  007E                     wtemp0	set	126
  1535  0080                     wtemp1	set	128
  1536  0082                     wtemp2	set	130
  1537  0084                     wtemp3	set	132
  1538  0086                     wtemp4	set	134
  1539  0088                     wtemp5	set	136
  1540  007F                     wtemp6	set	127
  1541  007E                     ttemp	set	126
  1542  007E                     ttemp0	set	126
  1543  0081                     ttemp1	set	129
  1544  0084                     ttemp2	set	132
  1545  0087                     ttemp3	set	135
  1546  007F                     ttemp4	set	127
  1547  007E                     ltemp	set	126
  1548  007E                     ltemp0	set	126
  1549  0082                     ltemp1	set	130
  1550  0086                     ltemp2	set	134
  1551  0080                     ltemp3	set	128
  1552                           
  1553                           	psect	intentry
  1554  0004                     __pintentry:	
  1555                           ;incstack = 0
  1556                           ; Regs used in _isr: [wreg]
  1557                           
  1558  0004                     interrupt_function:	
  1559  007E                     saved_w	set	btemp
  1560  0004  00FE               	movwf	btemp
  1561  0005  0E03               	swapf	3,w
  1562  0006  00F0               	movwf	??_isr
  1563  0007  0804               	movf	4,w
  1564  0008  00F1               	movwf	??_isr+1
  1565  0009  080A               	movf	10,w
  1566  000A  00F2               	movwf	??_isr+2
  1567  000B  1283               	bcf	3,5	;RP0=0, select bank0
  1568  000C  1303               	bcf	3,6	;RP1=0, select bank0
  1569  000D  087F               	movf	btemp+1,w
  1570  000E  00F3               	movwf	??_isr+3
  1571  000F  120A  118A  2C22   	ljmp	_isr


Data Sizes:
    Strings     0
    Constant    0
    Data        0
    BSS         2
    Persistent  0
    Stack       0

Auto Spaces:
    Space          Size  Autos    Used
    COMMON           14     10      10
    BANK0            80     37      39
    BANK1            80      0       0
    BANK3            96      0       0
    BANK2            96      0       0

Pointer List with Targets:

    None.

Critical Paths under _main in COMMON

    _main->___ftge
    ___ftadd->___ftpack

Critical Paths under _isr in COMMON

    None.

Critical Paths under _main in BANK0

    _main->___ftadd
    ___ftadd->___ftpack

Critical Paths under _isr in BANK0

    None.

Critical Paths under _main in BANK1

    None.

Critical Paths under _isr in BANK1

    None.

Critical Paths under _main in BANK3

    None.

Critical Paths under _isr in BANK3

    None.

Critical Paths under _main in BANK2

    None.

Critical Paths under _isr in BANK2

    None.

Call Graph Tables:

 ---------------------------------------------------------------------------------
 (Depth) Function   	        Calls       Base Space   Used Autos Params    Refs
 ---------------------------------------------------------------------------------
 (0) _main                                                21    21      0    5326
                                             16 BANK0     21    21      0
                            ___ftadd
                             ___ftge
 ---------------------------------------------------------------------------------
 (1) ___ftge                                              12     6      6    1620
                                              4 COMMON     6     0      6
                                              0 BANK0      6     6      0
 ---------------------------------------------------------------------------------
 (1) ___ftadd                                             13     7      6    3230
                                              3 BANK0     13     7      6
                           ___ftpack
 ---------------------------------------------------------------------------------
 (2) ___ftpack                                             8     3      5    1568
                                              4 COMMON     5     0      5
                                              0 BANK0      3     3      0
 ---------------------------------------------------------------------------------
 Estimated maximum stack depth 2
 ---------------------------------------------------------------------------------
 (Depth) Function   	        Calls       Base Space   Used Autos Params    Refs
 ---------------------------------------------------------------------------------
 (3) _isr                                                  4     4      0       0
                                              0 COMMON     4     4      0
 ---------------------------------------------------------------------------------
 Estimated maximum stack depth 3
 ---------------------------------------------------------------------------------

 Call Graph Graphs:

 _main (ROOT)
   ___ftadd
     ___ftpack
   ___ftge

 _isr (ROOT)

 Address spaces:
Name               Size   Autos  Total    Cost      Usage
BITCOMMON            E      0       0       0        0.0%
EEDATA             100      0       0       0        0.0%
NULL                 0      0       0       0        0.0%
CODE                 0      0       0       0        0.0%
COMMON               E      A       A       1       71.4%
BITSFR0              0      0       0       1        0.0%
SFR0                 0      0       0       1        0.0%
BITSFR1              0      0       0       2        0.0%
SFR1                 0      0       0       2        0.0%
STACK                0      0       0       2        0.0%
ABS                  0      0      31       3        0.0%
BITBANK0            50      0       0       4        0.0%
BITSFR3              0      0       0       4        0.0%
SFR3                 0      0       0       4        0.0%
BANK0               50     25      27       5       48.8%
BITSFR2              0      0       0       5        0.0%
SFR2                 0      0       0       5        0.0%
BITBANK1            50      0       0       6        0.0%
BANK1               50      0       0       7        0.0%
BITBANK3            60      0       0       8        0.0%
BANK3               60      0       0       9        0.0%
BITBANK2            60      0       0      10        0.0%
BANK2               60      0       0      11        0.0%
DATA                 0      0      31      12        0.0%


Microchip Technology PIC Macro Assembler V1.33 build 59893 
Symbol Table                                                                                   Tue Feb 10 22:05:24 2015

            __CFG_CP$OFF 0000                       l28 0034             ___ftadd@exp1 002F  
           ___ftadd@exp2 002E             ___ftadd@sign 002D                      l320 02F2  
                    l291 038D                      l297 03A6                      l801 02E2  
                    l731 0362                      l811 0316                      l803 02EE  
                    l741 0392                      l733 0370                      l821 0339  
                    l901 0163                      l743 039C                      l735 0375  
                    l727 035B                      l807 0304                      l761 0273  
                    l833 0413                      l771 0289                      l923 0216  
                    l915 01CB                      l907 0180                      l765 027A  
                    l829 03EA                      l925 0244                      l917 01F9  
                    l909 01AE                      l791 02C4                      l783 02A3  
                    l793 02C9                      l795 02CD                      l891 00EA  
                    l883 009F                      l875 0054                      l789 02B8  
                    l893 0118                      l885 00CD                      l877 0082  
                    l899 0135             __CFG_CPD$OFF 0000                      u605 0386  
                    u625 0395                      u655 03AF                      u585 0369  
                    u825 02CE                      u921 03DD                      u922 03DE  
                    u923 03E3                      u924 03E4                      u765 02A4  
                    u941 0406                      u942 0407                      u855 02E3  
                    u943 040C                      u944 040D                      u795 02B9  
                    _isr 0422                      fsr0 0004                     ?_isr 0070  
                   _flag 0045                     _main 001B             ___ftpack@arg 0074  
           ___ftpack@exp 0077                     btemp 007E                     ltemp 007E  
                   start 0012                     ttemp 007E                     wtemp 007E  
          __CFG_IESO$OFF 0000            __CFG_MCLRE$ON 0000                    ??_isr 0070  
                  ?_main 0070          __end_of___ftadd 0353            __CFG_WDTE$OFF 0000  
                  _ANSEL 0188                    _PORTD 0008                    _TRISA 0085  
                  _TRISB 0086                    _TRISC 0087                    _TRISD 0088  
         __CFG_FCMEN$OFF 0000            ___ftpack@sign 0078                    main@j 0030  
         __CFG_BOREN$OFF 0000                    pclath 000A                    ltemp0 007E  
                  ltemp1 0082                    ltemp2 0086                    ltemp3 0080  
                  ttemp0 007E                    ttemp1 0081                    ttemp2 0084  
                  ttemp3 0087                    ttemp4 007F                    status 0003  
                  wtemp0 007E                    wtemp1 0080                    wtemp2 0082  
                  wtemp3 0084                    wtemp4 0086                    wtemp5 0088  
                  wtemp6 007F          __initialization 0015             __end_of_main 024A  
                 ??_main 007A         __end_of___ftpack 03C1                   _ANSELH 0189  
         __CFG_PWRTE$OFF 0000                   ___ftge 03C1                ??___ftadd 0029  
                 saved_w 007E  __end_of__initialization 0017               ___ftadd@f1 0023  
             ___ftadd@f2 0026               ___ftge@ff1 0074               ___ftge@ff2 0077  
         __pcstackCOMMON 0070           _OPTION_REGbits 0081               __pbssBANK0 0045  
             __pmaintext 001B                  ?___ftge 0074               __pintentry 0004  
              ?___ftpack 0074          __size_of___ftge 0061                  ___ftadd 024A  
             ??___ftpack 0020                  __ptext0 0000                  __ptext1 03C1  
                __ptext2 024A                  __ptext3 0353                  __ptext4 0422  
           __size_of_isr 0010     end_of_initialization 0017                _TRISCbits 0087  
         __end_of___ftge 0422      start_initialization 0015              __end_of_isr 0432  
               ??___ftge 0020        __size_of___ftpack 006E                ___latbits 0002  
          __pcstackBANK0 0020   __CFG_FOSC$INTRC_CLKOUT 0000                 ?___ftadd 0023  
      interrupt_function 0004                main@j_132 0033                main@j_133 0036  
              main@j_134 0039                main@j_135 003C                main@j_136 003F  
              main@j_137 0042         __size_of___ftadd 0109                 ___ftpack 0353  
          __size_of_main 022F               _INTCONbits 000B                 intlevel1 0000  
