Error[1109] C:\Program Files (x86)\Microchip\mplabc18\v3.47\h\p18f24k50.h 38 : type mismatch in redeclaration of 'SRCON1'
Error[1109] C:\Program Files (x86)\Microchip\mplabc18\v3.47\h\p18f24k50.h 48 : type mismatch in redeclaration of 'SRCON1bits'
Error[1109] C:\Program Files (x86)\Microchip\mplabc18\v3.47\h\p18f24k50.h 49 : type mismatch in redeclaration of 'SRCON0'
Error[1109] C:\Program Files (x86)\Microchip\mplabc18\v3.47\h\p18f24k50.h 65 : type mismatch in redeclaration of 'SRCON0bits'
Error[1109] C:\Program Files (x86)\Microchip\mplabc18\v3.47\h\p18f24k50.h 127 : type mismatch in redeclaration of 'USTATbits'
Error[1109] C:\Program Files (x86)\Microchip\mplabc18\v3.47\h\p18f24k50.h 143 : type mismatch in redeclaration of 'UCFGbits'
Error[1109] C:\Program Files (x86)\Microchip\mplabc18\v3.47\h\p18f24k50.h 144 : type mismatch in redeclaration of 'UADDR'
Error[1109] C:\Program Files (x86)\Microchip\mplabc18\v3.47\h\p18f24k50.h 158 : type mismatch in redeclaration of 'UADDRbits'
Error[1109] C:\Program Files (x86)\Microchip\mplabc18\v3.47\h\p18f24k50.h 179 : type mismatch in redeclaration of 'UEIE'
Error[1109] C:\Program Files (x86)\Microchip\mplabc18\v3.47\h\p18f24k50.h 188 : type mismatch in redeclaration of 'UEIEbits'
Error[1109] C:\Program Files (x86)\Microchip\mplabc18\v3.47\h\p18f24k50.h 189 : type mismatch in redeclaration of 'UEIR'
Error[1109] C:\Program Files (x86)\Microchip\mplabc18\v3.47\h\p18f24k50.h 198 : type mismatch in redeclaration of 'UEIRbits'
Error[1109] C:\Program Files (x86)\Microchip\mplabc18\v3.47\h\p18f24k50.h 200 : type mismatch in redeclaration of 'UFRML'
Error[1109] C:\Program Files (x86)\Microchip\mplabc18\v3.47\h\p18f24k50.h 215 : type mismatch in redeclaration of 'UFRMLbits'
Error[1109] C:\Program Files (x86)\Microchip\mplabc18\v3.47\h\p18f24k50.h 216 : type mismatch in redeclaration of 'UFRMH'
Error[1109] C:\Program Files (x86)\Microchip\mplabc18\v3.47\h\p18f24k50.h 226 : type mismatch in redeclaration of 'UFRMHbits'
Error[1109] C:\Program Files (x86)\Microchip\mplabc18\v3.47\h\p18f24k50.h 227 : type mismatch in redeclaration of 'UEP0'
Error[1109] C:\Program Files (x86)\Microchip\mplabc18\v3.47\h\p18f24k50.h 234 : type mismatch in redeclaration of 'UEP0bits'
Error[1109] C:\Program Files (x86)\Microchip\mplabc18\v3.47\h\p18f24k50.h 235 : type mismatch in redeclaration of 'UEP1'
Error[1109] C:\Program Files (x86)\Microchip\mplabc18\v3.47\h\p18f24k50.h 242 : type mismatch in redeclaration of 'UEP1bits'
Error[1109] C:\Program Files (x86)\Microchip\mplabc18\v3.47\h\p18f24k50.h 243 : type mismatch in redeclaration of 'UEP2'
Error[1109] C:\Program Files (x86)\Microchip\mplabc18\v3.47\h\p18f24k50.h 250 : type mismatch in redeclaration of 'UEP2bits'
Error[1109] C:\Program Files (x86)\Microchip\mplabc18\v3.47\h\p18f24k50.h 251 : type mismatch in redeclaration of 'UEP3'
Error[1109] C:\Program Files (x86)\Microchip\mplabc18\v3.47\h\p18f24k50.h 258 : type mismatch in redeclaration of 'UEP3bits'
Error[1109] C:\Program Files (x86)\Microchip\mplabc18\v3.47\h\p18f24k50.h 259 : type mismatch in redeclaration of 'UEP4'
